  .1.3.6.1.2.1.1.3.0             type=67 value=0:0:00:00.00
  .1.3.6.1.6.3.1.1.4.1.0         type=6  value=.1.3.6.1.4.1.41717.10.0.247
  .1.3.6.1.4.1.41717.10.1        type=4  value="bubbly.bth.se"
  .1.3.6.1.4.1.41717.10.2        type=2  value=3
  .1.3.6.1.6.3.18.1.3.0          type=64 value=10.0.2.3
  .1.3.6.1.6.3.18.1.4.0          type=4  value="public"
  .1.3.6.1.6.3.1.1.4.3.0         type=6  value=.1.3.6.1.4.1.41717.10

----------
  .1.3.6.1.2.1.1.3.0             type=67 value=0:0:00:00.00
  .1.3.6.1.6.3.1.1.4.1.0         type=6  value=.1.3.6.1.4.1.41717.10.0.247
  .1.3.6.1.4.1.41717.10.1        type=4  value="bubbly.bth.se"
  .1.3.6.1.4.1.41717.10.2        type=2  value=3
  .1.3.6.1.6.3.18.1.3.0          type=64 value=10.0.2.3
  .1.3.6.1.6.3.18.1.4.0          type=4  value="public"
  .1.3.6.1.6.3.1.1.4.3.0         type=6  value=.1.3.6.1.4.1.41717.10

----------
  .1.3.6.1.2.1.1.3.0             type=67 value=0:0:00:00.00
  .1.3.6.1.6.3.1.1.4.1.0         type=6  value=.1.3.6.1.4.1.41717.10.0.247
  .1.3.6.1.4.1.41717.10.1        type=4  value="bubbly.bth.se"
  .1.3.6.1.4.1.41717.10.2        type=2  value=3
  .1.3.6.1.6.3.18.1.3.0          type=64 value=10.0.2.3
  .1.3.6.1.6.3.18.1.4.0          type=4  value="public"
  .1.3.6.1.6.3.1.1.4.3.0         type=6  value=.1.3.6.1.4.1.41717.10

----------
  .1.3.6.1.2.1.1.3.0             type=67 value=0:0:00:00.00
  .1.3.6.1.6.3.1.1.4.1.0         type=6  value=.1.3.6.1.4.1.41717.10.0.247
  .1.3.6.1.4.1.41717.10.1        type=4  value="bubbly.bth.se"
  .1.3.6.1.4.1.41717.10.2        type=2  value=3
  .1.3.6.1.6.3.18.1.3.0          type=64 value=10.0.2.3
  .1.3.6.1.6.3.18.1.4.0          type=4  value="public"
  .1.3.6.1.6.3.1.1.4.3.0         type=6  value=.1.3.6.1.4.1.41717.10

----------
  .1.3.6.1.2.1.1.3.0             type=67 value=0:0:00:00.00
  .1.3.6.1.6.3.1.1.4.1.0         type=6  value=.1.3.6.1.4.1.41717.10.0.247
  .1.3.6.1.4.1.41717.10.1        type=4  value="bubbly.bth.se"
  .1.3.6.1.4.1.41717.10.2        type=2  value=3
  .1.3.6.1.6.3.18.1.3.0          type=64 value=10.0.2.3
  .1.3.6.1.6.3.18.1.4.0          type=4  value="public"
  .1.3.6.1.6.3.1.1.4.3.0         type=6  value=.1.3.6.1.4.1.41717.10

----------
  .1.3.6.1.2.1.1.3.0             type=67 value=0:0:00:00.00
  .1.3.6.1.6.3.1.1.4.1.0         type=6  value=.1.3.6.1.4.1.41717.10.0.247
  .1.3.6.1.4.1.41717.10.1        type=4  value="bubbly.bth.se"
  .1.3.6.1.4.1.41717.10.2        type=2  value=3
  .1.3.6.1.6.3.18.1.3.0          type=64 value=10.0.2.3
  .1.3.6.1.6.3.18.1.4.0          type=4  value="public"
  .1.3.6.1.6.3.1.1.4.3.0         type=6  value=.1.3.6.1.4.1.41717.10

----------
  .1.3.6.1.2.1.1.3.0             type=67 value=0:0:00:00.00
  .1.3.6.1.6.3.1.1.4.1.0         type=6  value=.1.3.6.1.4.1.41717.10.0.247
  .1.3.6.1.4.1.41717.20.1        type=4  value="bubbly.bth.se"
  .1.3.6.1.4.1.41717.20.2        type=2  value=1
  .1.3.6.1.6.3.18.1.3.0          type=64 value=10.0.2.3
  .1.3.6.1.6.3.18.1.4.0          type=4  value="public"
  .1.3.6.1.6.3.1.1.4.3.0         type=6  value=.1.3.6.1.4.1.41717.10

----------
  .1.3.6.1.2.1.1.3.0             type=67 value=0:0:00:00.00
  .1.3.6.1.6.3.1.1.4.1.0         type=6  value=.1.3.6.1.4.1.41717.10.0.247
  .1.3.6.1.4.1.41717.20.1        type=4  value="bubbly.bth.se"
  .1.3.6.1.4.1.41717.20.2        type=2  value=1
  .1.3.6.1.6.3.18.1.3.0          type=64 value=10.0.2.3
  .1.3.6.1.6.3.18.1.4.0          type=4  value="public"
  .1.3.6.1.6.3.1.1.4.3.0         type=6  value=.1.3.6.1.4.1.41717.10

----------
  .1.3.6.1.2.1.1.3.0             type=67 value=0:0:00:00.00
  .1.3.6.1.6.3.1.1.4.1.0         type=6  value=.1.3.6.1.4.1.41717.10.0.247
  .1.3.6.1.4.1.41717.20.1        type=4  value="bubbly.bth.se"
  .1.3.6.1.4.1.41717.20.2        type=2  value=1
  .1.3.6.1.6.3.18.1.3.0          type=64 value=10.0.2.3
  .1.3.6.1.6.3.18.1.4.0          type=4  value="public"
  .1.3.6.1.6.3.1.1.4.3.0         type=6  value=.1.3.6.1.4.1.41717.10

----------
  .1.3.6.1.2.1.1.3.0             type=67 value=0:0:00:00.00
  .1.3.6.1.6.3.1.1.4.1.0         type=6  value=.1.3.6.1.4.1.41717.10.0.247
  .1.3.6.1.4.1.41717.20.1        type=4  value="bubbly.bth.se"
  .1.3.6.1.4.1.41717.20.2        type=2  value=1
  .1.3.6.1.6.3.18.1.3.0          type=64 value=10.0.2.3
  .1.3.6.1.6.3.18.1.4.0          type=4  value="public"
  .1.3.6.1.6.3.1.1.4.3.0         type=6  value=.1.3.6.1.4.1.41717.10

----------
  .1.3.6.1.2.1.1.3.0             type=67 value=0:0:00:00.00
  .1.3.6.1.6.3.1.1.4.1.0         type=6  value=.1.3.6.1.4.1.41717.10.0.247
  .1.3.6.1.4.1.41717.20.1        type=4  value="bubbly.bth.se"
  .1.3.6.1.4.1.41717.20.2        type=2  value=1
  .1.3.6.1.6.3.18.1.3.0          type=64 value=10.0.2.3
  .1.3.6.1.6.3.18.1.4.0          type=4  value="public"
  .1.3.6.1.6.3.1.1.4.3.0         type=6  value=.1.3.6.1.4.1.41717.10

----------
  .1.3.6.1.2.1.1.3.0             type=67 value=0:0:00:00.00
  .1.3.6.1.6.3.1.1.4.1.0         type=6  value=.1.3.6.1.4.1.41717.10.0.247
  .1.3.6.1.4.1.41717.20.1        type=4  value="bubbly.bth.se"
  .1.3.6.1.4.1.41717.20.2        type=2  value=1
  .1.3.6.1.6.3.18.1.3.0          type=64 value=10.0.2.3
  .1.3.6.1.6.3.18.1.4.0          type=4  value="public"
  .1.3.6.1.6.3.1.1.4.3.0         type=6  value=.1.3.6.1.4.1.41717.10

----------
  .1.3.6.1.2.1.1.3.0             type=67 value=0:0:00:00.00
  .1.3.6.1.6.3.1.1.4.1.0         type=6  value=.1.3.6.1.4.1.41717.10.0.247
  .1.3.6.1.4.1.41717.20.1        type=4  value="bubbly.bth.se"
  .1.3.6.1.4.1.41717.20.2        type=2  value=1
  .1.3.6.1.6.3.18.1.3.0          type=64 value=10.0.2.3
  .1.3.6.1.6.3.18.1.4.0          type=4  value="public"
  .1.3.6.1.6.3.1.1.4.3.0         type=6  value=.1.3.6.1.4.1.41717.10

----------
  .1.3.6.1.2.1.1.3.0             type=67 value=0:0:00:00.00
  .1.3.6.1.6.3.1.1.4.1.0         type=6  value=.1.3.6.1.4.1.41717.10.0.247
  .1.3.6.1.4.1.41717.20.1        type=4  value="bubbly.bth.se"
  .1.3.6.1.4.1.41717.20.2        type=2  value=1
  .1.3.6.1.6.3.18.1.3.0          type=64 value=10.0.2.3
  .1.3.6.1.6.3.18.1.4.0          type=4  value="public"
  .1.3.6.1.6.3.1.1.4.3.0         type=6  value=.1.3.6.1.4.1.41717.10

----------
  .1.3.6.1.2.1.1.3.0             type=67 value=0:0:00:00.00
  .1.3.6.1.6.3.1.1.4.1.0         type=6  value=.1.3.6.1.4.1.41717.10.0.247
  .1.3.6.1.4.1.41717.20.1        type=4  value="bubbly.bth.se"
  .1.3.6.1.4.1.41717.20.2        type=2  value=1
  .1.3.6.1.6.3.18.1.3.0          type=64 value=10.0.2.3
  .1.3.6.1.6.3.18.1.4.0          type=4  value="public"
  .1.3.6.1.6.3.1.1.4.3.0         type=6  value=.1.3.6.1.4.1.41717.10

----------
  .1.3.6.1.2.1.1.3.0             type=67 value=0:0:00:00.00
  .1.3.6.1.6.3.1.1.4.1.0         type=6  value=.1.3.6.1.4.1.41717.10.0.247
  .1.3.6.1.4.1.41717.20.1        type=4  value="bubbly.bth.se"
  .1.3.6.1.4.1.41717.20.2        type=2  value=1
  .1.3.6.1.6.3.18.1.3.0          type=64 value=10.0.2.3
  .1.3.6.1.6.3.18.1.4.0          type=4  value="public"
  .1.3.6.1.6.3.1.1.4.3.0         type=6  value=.1.3.6.1.4.1.41717.10

----------
  .1.3.6.1.2.1.1.3.0             type=67 value=0:0:00:00.00
  .1.3.6.1.6.3.1.1.4.1.0         type=6  value=.1.3.6.1.4.1.41717.10.0.247
  .1.3.6.1.4.1.41717.20.1        type=4  value="bubbly.bth.se"
  .1.3.6.1.4.1.41717.20.2        type=2  value=1
  .1.3.6.1.6.3.18.1.3.0          type=64 value=10.0.2.3
  .1.3.6.1.6.3.18.1.4.0          type=4  value="public"
  .1.3.6.1.6.3.1.1.4.3.0         type=6  value=.1.3.6.1.4.1.41717.10

----------
  .1.3.6.1.2.1.1.3.0             type=67 value=0:0:00:00.00
  .1.3.6.1.6.3.1.1.4.1.0         type=6  value=.1.3.6.1.4.1.41717.10.0.247
  .1.3.6.1.4.1.41717.20.1        type=4  value="bubbly.bth.se"
  .1.3.6.1.4.1.41717.20.2        type=2  value=1
  .1.3.6.1.6.3.18.1.3.0          type=64 value=10.0.2.3
  .1.3.6.1.6.3.18.1.4.0          type=4  value="public"
  .1.3.6.1.6.3.1.1.4.3.0         type=6  value=.1.3.6.1.4.1.41717.10

----------
  .1.3.6.1.2.1.1.3.0             type=67 value=0:0:00:00.00
  .1.3.6.1.6.3.1.1.4.1.0         type=6  value=.1.3.6.1.4.1.41717.10.0.247
  .1.3.6.1.4.1.41717.20.1        type=4  value="bubbly.bth.se"
  .1.3.6.1.4.1.41717.20.2        type=2  value=1
  .1.3.6.1.6.3.18.1.3.0          type=64 value=10.0.2.3
  .1.3.6.1.6.3.18.1.4.0          type=4  value="public"
  .1.3.6.1.6.3.1.1.4.3.0         type=6  value=.1.3.6.1.4.1.41717.10

----------
  .1.3.6.1.2.1.1.3.0             type=67 value=0:0:00:00.00
  .1.3.6.1.6.3.1.1.4.1.0         type=6  value=.1.3.6.1.4.1.41717.10.0.247
  .1.3.6.1.4.1.41717.20.1        type=4  value="bubbly.bth.se"
  .1.3.6.1.4.1.41717.20.2        type=2  value=1
  .1.3.6.1.6.3.18.1.3.0          type=64 value=10.0.2.3
  .1.3.6.1.6.3.18.1.4.0          type=4  value="public"
  .1.3.6.1.6.3.1.1.4.3.0         type=6  value=.1.3.6.1.4.1.41717.10

----------
  .1.3.6.1.2.1.1.3.0             type=67 value=0:0:00:00.00
  .1.3.6.1.6.3.1.1.4.1.0         type=6  value=.1.3.6.1.4.1.41717.10.0.247
  .1.3.6.1.4.1.41717.20.1        type=4  value="bubbly.bth.se"
  .1.3.6.1.4.1.41717.20.2        type=2  value=1
  .1.3.6.1.6.3.18.1.3.0          type=64 value=10.0.2.3
  .1.3.6.1.6.3.18.1.4.0          type=4  value="public"
  .1.3.6.1.6.3.1.1.4.3.0         type=6  value=.1.3.6.1.4.1.41717.10

----------
  .1.3.6.1.2.1.1.3.0             type=67 value=0:0:00:00.00
  .1.3.6.1.6.3.1.1.4.1.0         type=6  value=.1.3.6.1.4.1.41717.10.0.247
  .1.3.6.1.4.1.41717.20.1        type=4  value="bubbly.bth.se"
  .1.3.6.1.4.1.41717.20.2        type=2  value=1
  .1.3.6.1.6.3.18.1.3.0          type=64 value=10.0.2.3
  .1.3.6.1.6.3.18.1.4.0          type=4  value="public"
  .1.3.6.1.6.3.1.1.4.3.0         type=6  value=.1.3.6.1.4.1.41717.10

----------
  .1.3.6.1.2.1.1.3.0             type=67 value=0:0:00:00.00
  .1.3.6.1.6.3.1.1.4.1.0         type=6  value=.1.3.6.1.4.1.41717.10.0.247
  .1.3.6.1.4.1.41717.20.1        type=4  value="bubbly.bth.se"
  .1.3.6.1.4.1.41717.20.2        type=2  value=1
  .1.3.6.1.6.3.18.1.3.0          type=64 value=10.0.2.3
  .1.3.6.1.6.3.18.1.4.0          type=4  value="public"
  .1.3.6.1.6.3.1.1.4.3.0         type=6  value=.1.3.6.1.4.1.41717.10

----------
  .1.3.6.1.2.1.1.3.0             type=67 value=0:0:00:00.00
  .1.3.6.1.6.3.1.1.4.1.0         type=6  value=.1.3.6.1.4.1.41717.10.0.247
  .1.3.6.1.4.1.41717.20.1        type=4  value="bubbly.bth.se"
  .1.3.6.1.4.1.41717.20.2        type=2  value=1
  .1.3.6.1.6.3.18.1.3.0          type=64 value=10.0.2.3
  .1.3.6.1.6.3.18.1.4.0          type=4  value="public"
  .1.3.6.1.6.3.1.1.4.3.0         type=6  value=.1.3.6.1.4.1.41717.10

----------
  .1.3.6.1.2.1.1.3.0             type=67 value=0:0:00:00.00
  .1.3.6.1.6.3.1.1.4.1.0         type=6  value=.1.3.6.1.4.1.41717.10.0.247
  .1.3.6.1.4.1.41717.20.1        type=4  value="bubbly.bth.se"
  .1.3.6.1.4.1.41717.20.2        type=2  value=1
  .1.3.6.1.6.3.18.1.3.0          type=64 value=10.0.2.3
  .1.3.6.1.6.3.18.1.4.0          type=4  value="public"
  .1.3.6.1.6.3.1.1.4.3.0         type=6  value=.1.3.6.1.4.1.41717.10

----------
  .1.3.6.1.2.1.1.3.0             type=67 value=0:0:00:00.00
  .1.3.6.1.6.3.1.1.4.1.0         type=6  value=.1.3.6.1.4.1.41717.10.0.247
  .1.3.6.1.4.1.41717.20.1        type=4  value="bubbly.bth.se"
  .1.3.6.1.4.1.41717.20.2        type=2  value=1
  .1.3.6.1.6.3.18.1.3.0          type=64 value=10.0.2.3
  .1.3.6.1.6.3.18.1.4.0          type=4  value="public"
  .1.3.6.1.6.3.1.1.4.3.0         type=6  value=.1.3.6.1.4.1.41717.10

----------
  .1.3.6.1.2.1.1.3.0             type=67 value=0:0:00:00.00
  .1.3.6.1.6.3.1.1.4.1.0         type=6  value=.1.3.6.1.4.1.41717.10.0.247
  .1.3.6.1.4.1.41717.20.1        type=4  value="bubbly.bth.se"
  .1.3.6.1.4.1.41717.20.2        type=2  value=1
  .1.3.6.1.6.3.18.1.3.0          type=64 value=10.0.2.3
  .1.3.6.1.6.3.18.1.4.0          type=4  value="public"
  .1.3.6.1.6.3.1.1.4.3.0         type=6  value=.1.3.6.1.4.1.41717.10

----------
  .1.3.6.1.2.1.1.3.0             type=67 value=0:0:00:00.00
  .1.3.6.1.6.3.1.1.4.1.0         type=6  value=.1.3.6.1.4.1.41717.10.0.247
  .1.3.6.1.4.1.41717.20.1        type=4  value="bubbly.bth.se"
  .1.3.6.1.4.1.41717.20.2        type=2  value=1
  .1.3.6.1.6.3.18.1.3.0          type=64 value=10.0.2.3
  .1.3.6.1.6.3.18.1.4.0          type=4  value="public"
  .1.3.6.1.6.3.1.1.4.3.0         type=6  value=.1.3.6.1.4.1.41717.10

----------
  .1.3.6.1.2.1.1.3.0             type=67 value=0:0:00:00.00
  .1.3.6.1.6.3.1.1.4.1.0         type=6  value=.1.3.6.1.4.1.41717.10.0.247
  .1.3.6.1.4.1.41717.20.1        type=4  value="bubbly.bth.se"
  .1.3.6.1.4.1.41717.20.2        type=2  value=1
  .1.3.6.1.6.3.18.1.3.0          type=64 value=10.0.2.3
  .1.3.6.1.6.3.18.1.4.0          type=4  value="public"
  .1.3.6.1.6.3.1.1.4.3.0         type=6  value=.1.3.6.1.4.1.41717.10

----------
  .1.3.6.1.2.1.1.3.0             type=67 value=0:0:00:00.00
  .1.3.6.1.6.3.1.1.4.1.0         type=6  value=.1.3.6.1.4.1.41717.10.0.247
  .1.3.6.1.4.1.41717.20.1        type=4  value="bubbly.bth.se"
  .1.3.6.1.4.1.41717.20.2        type=2  value=1
  .1.3.6.1.6.3.18.1.3.0          type=64 value=10.0.2.3
  .1.3.6.1.6.3.18.1.4.0          type=4  value="public"
  .1.3.6.1.6.3.1.1.4.3.0         type=6  value=.1.3.6.1.4.1.41717.10

----------
  .1.3.6.1.2.1.1.3.0             type=67 value=0:0:00:00.00
  .1.3.6.1.6.3.1.1.4.1.0         type=6  value=.1.3.6.1.4.1.41717.10.0.247
  .1.3.6.1.4.1.41717.20.1        type=4  value="bubbly.bth.se"
  .1.3.6.1.4.1.41717.20.2        type=2  value=1
  .1.3.6.1.6.3.18.1.3.0          type=64 value=10.0.2.3
  .1.3.6.1.6.3.18.1.4.0          type=4  value="public"
  .1.3.6.1.6.3.1.1.4.3.0         type=6  value=.1.3.6.1.4.1.41717.10

----------
  .1.3.6.1.2.1.1.3.0             type=67 value=0:0:00:00.00
  .1.3.6.1.6.3.1.1.4.1.0         type=6  value=.1.3.6.1.4.1.41717.10.0.247
  .1.3.6.1.4.1.41717.20.1        type=4  value="bubbly.bth.se"
  .1.3.6.1.4.1.41717.20.2        type=2  value=1
  .1.3.6.1.6.3.18.1.3.0          type=64 value=10.0.2.3
  .1.3.6.1.6.3.18.1.4.0          type=4  value="public"
  .1.3.6.1.6.3.1.1.4.3.0         type=6  value=.1.3.6.1.4.1.41717.10

----------
  .1.3.6.1.2.1.1.3.0             type=67 value=0:0:00:00.00
  .1.3.6.1.6.3.1.1.4.1.0         type=6  value=.1.3.6.1.4.1.41717.10.0.247
  .1.3.6.1.4.1.41717.20.1        type=4  value="bubbly.bth.se"
  .1.3.6.1.4.1.41717.20.2        type=2  value=1
  .1.3.6.1.6.3.18.1.3.0          type=64 value=10.0.2.3
  .1.3.6.1.6.3.18.1.4.0          type=4  value="public"
  .1.3.6.1.6.3.1.1.4.3.0         type=6  value=.1.3.6.1.4.1.41717.10

----------
  .1.3.6.1.2.1.1.3.0             type=67 value=0:0:00:00.00
  .1.3.6.1.6.3.1.1.4.1.0         type=6  value=.1.3.6.1.4.1.41717.10.0.247
  .1.3.6.1.4.1.41717.20.1        type=4  value="bubbly.bth.se"
  .1.3.6.1.4.1.41717.20.2        type=2  value=1
  .1.3.6.1.6.3.18.1.3.0          type=64 value=10.0.2.3
  .1.3.6.1.6.3.18.1.4.0          type=4  value="public"
  .1.3.6.1.6.3.1.1.4.3.0         type=6  value=.1.3.6.1.4.1.41717.10

----------
  .1.3.6.1.2.1.1.3.0             type=67 value=0:0:00:00.00
  .1.3.6.1.6.3.1.1.4.1.0         type=6  value=.1.3.6.1.4.1.41717.10.0.247
  .1.3.6.1.4.1.41717.20.1        type=4  value="bubbly.bth.se"
  .1.3.6.1.4.1.41717.20.2        type=2  value=1
  .1.3.6.1.6.3.18.1.3.0          type=64 value=10.0.2.3
  .1.3.6.1.6.3.18.1.4.0          type=4  value="public"
  .1.3.6.1.6.3.1.1.4.3.0         type=6  value=.1.3.6.1.4.1.41717.10

----------
  .1.3.6.1.2.1.1.3.0             type=67 value=0:0:00:00.00
  .1.3.6.1.6.3.1.1.4.1.0         type=6  value=.1.3.6.1.4.1.41717.10.0.247
  .1.3.6.1.4.1.41717.20.1        type=4  value="bubbly.bth.se"
  .1.3.6.1.4.1.41717.20.2        type=2  value=1
  .1.3.6.1.6.3.18.1.3.0          type=64 value=10.0.2.3
  .1.3.6.1.6.3.18.1.4.0          type=4  value="public"
  .1.3.6.1.6.3.1.1.4.3.0         type=6  value=.1.3.6.1.4.1.41717.10

----------
  .1.3.6.1.2.1.1.3.0             type=67 value=0:0:00:00.00
  .1.3.6.1.6.3.1.1.4.1.0         type=6  value=.1.3.6.1.4.1.41717.10.0.247
  .1.3.6.1.4.1.41717.20.1        type=4  value="bubbly.bth.se"
  .1.3.6.1.4.1.41717.20.2        type=2  value=1
  .1.3.6.1.6.3.18.1.3.0          type=64 value=10.0.2.3
  .1.3.6.1.6.3.18.1.4.0          type=4  value="public"
  .1.3.6.1.6.3.1.1.4.3.0         type=6  value=.1.3.6.1.4.1.41717.10

----------
  .1.3.6.1.2.1.1.3.0             type=67 value=0:0:00:00.00
  .1.3.6.1.6.3.1.1.4.1.0         type=6  value=.1.3.6.1.4.1.41717.10.0.247
  .1.3.6.1.4.1.41717.20.1        type=4  value="bubbly.bth.se"
  .1.3.6.1.4.1.41717.20.2        type=2  value=1
  .1.3.6.1.6.3.18.1.3.0          type=64 value=10.0.2.3
  .1.3.6.1.6.3.18.1.4.0          type=4  value="public"
  .1.3.6.1.6.3.1.1.4.3.0         type=6  value=.1.3.6.1.4.1.41717.10

----------
  .1.3.6.1.2.1.1.3.0             type=67 value=0:0:00:00.00
  .1.3.6.1.6.3.1.1.4.1.0         type=6  value=.1.3.6.1.4.1.41717.10.0.247
  .1.3.6.1.4.1.41717.20.1        type=4  value="bubbly.bth.se"
  .1.3.6.1.4.1.41717.20.2        type=2  value=1
  .1.3.6.1.6.3.18.1.3.0          type=64 value=10.0.2.3
  .1.3.6.1.6.3.18.1.4.0          type=4  value="public"
  .1.3.6.1.6.3.1.1.4.3.0         type=6  value=.1.3.6.1.4.1.41717.10

----------
  .1.3.6.1.2.1.1.3.0             type=67 value=0:0:00:00.00
  .1.3.6.1.6.3.1.1.4.1.0         type=6  value=.1.3.6.1.4.1.41717.10.0.247
  .1.3.6.1.4.1.41717.20.1        type=4  value="bubbly.bth.se"
  .1.3.6.1.4.1.41717.20.2        type=2  value=1
  .1.3.6.1.6.3.18.1.3.0          type=64 value=10.0.2.3
  .1.3.6.1.6.3.18.1.4.0          type=4  value="public"
  .1.3.6.1.6.3.1.1.4.3.0         type=6  value=.1.3.6.1.4.1.41717.10

----------
  .1.3.6.1.2.1.1.3.0             type=67 value=0:0:00:00.00
  .1.3.6.1.6.3.1.1.4.1.0         type=6  value=.1.3.6.1.4.1.41717.10.0.247
  .1.3.6.1.4.1.41717.20.1        type=4  value="bubbly.bth.se"
  .1.3.6.1.4.1.41717.20.2        type=2  value=1
  .1.3.6.1.6.3.18.1.3.0          type=64 value=10.0.2.3
  .1.3.6.1.6.3.18.1.4.0          type=4  value="public"
  .1.3.6.1.6.3.1.1.4.3.0         type=6  value=.1.3.6.1.4.1.41717.10

----------
  .1.3.6.1.2.1.1.3.0             type=67 value=0:0:00:00.00
  .1.3.6.1.6.3.1.1.4.1.0         type=6  value=.1.3.6.1.4.1.41717.10.0.247
  .1.3.6.1.4.1.41717.20.1        type=4  value="bubbly.bth.se"
  .1.3.6.1.4.1.41717.20.2        type=2  value=1
  .1.3.6.1.6.3.18.1.3.0          type=64 value=10.0.2.3
  .1.3.6.1.6.3.18.1.4.0          type=4  value="public"
  .1.3.6.1.6.3.1.1.4.3.0         type=6  value=.1.3.6.1.4.1.41717.10

----------
  .1.3.6.1.2.1.1.3.0             type=67 value=0:0:00:00.00
  .1.3.6.1.6.3.1.1.4.1.0         type=6  value=.1.3.6.1.4.1.41717.10.0.247
  .1.3.6.1.4.1.41717.20.1        type=4  value="bubbly.bth.se"
  .1.3.6.1.4.1.41717.20.2        type=2  value=1
  .1.3.6.1.6.3.18.1.3.0          type=64 value=10.0.2.3
  .1.3.6.1.6.3.18.1.4.0          type=4  value="public"
  .1.3.6.1.6.3.1.1.4.3.0         type=6  value=.1.3.6.1.4.1.41717.10

----------
  .1.3.6.1.2.1.1.3.0             type=67 value=0:0:00:00.00
  .1.3.6.1.6.3.1.1.4.1.0         type=6  value=.1.3.6.1.4.1.41717.10.0.247
  .1.3.6.1.4.1.41717.20.1        type=4  value="bubbly.bth.se"
  .1.3.6.1.4.1.41717.20.2        type=2  value=1
  .1.3.6.1.6.3.18.1.3.0          type=64 value=10.0.2.3
  .1.3.6.1.6.3.18.1.4.0          type=4  value="public"
  .1.3.6.1.6.3.1.1.4.3.0         type=6  value=.1.3.6.1.4.1.41717.10

----------
  .1.3.6.1.2.1.1.3.0             type=67 value=0:0:00:00.00
  .1.3.6.1.6.3.1.1.4.1.0         type=6  value=.1.3.6.1.4.1.41717.10.0.247
  .1.3.6.1.4.1.41717.20.1        type=4  value="bubbly.bth.se"
  .1.3.6.1.4.1.41717.20.2        type=2  value=1
  .1.3.6.1.6.3.18.1.3.0          type=64 value=10.0.2.3
  .1.3.6.1.6.3.18.1.4.0          type=4  value="public"
  .1.3.6.1.6.3.1.1.4.3.0         type=6  value=.1.3.6.1.4.1.41717.10

----------
  .1.3.6.1.2.1.1.3.0             type=67 value=0:0:00:00.00
  .1.3.6.1.6.3.1.1.4.1.0         type=6  value=.1.3.6.1.4.1.41717.10.0.247
  .1.3.6.1.4.1.41717.20.1        type=4  value="bubbly.bth.se"
  .1.3.6.1.4.1.41717.20.2        type=2  value=1
  .1.3.6.1.6.3.18.1.3.0          type=64 value=10.0.2.3
  .1.3.6.1.6.3.18.1.4.0          type=4  value="public"
  .1.3.6.1.6.3.1.1.4.3.0         type=6  value=.1.3.6.1.4.1.41717.10

----------
  .1.3.6.1.2.1.1.3.0             type=67 value=0:0:00:00.00
  .1.3.6.1.6.3.1.1.4.1.0         type=6  value=.1.3.6.1.4.1.41717.10.0.247
  .1.3.6.1.4.1.41717.20.1        type=4  value="bubbly.bth.se"
  .1.3.6.1.4.1.41717.20.2        type=2  value=1
  .1.3.6.1.6.3.18.1.3.0          type=64 value=10.0.2.3
  .1.3.6.1.6.3.18.1.4.0          type=4  value="public"
  .1.3.6.1.6.3.1.1.4.3.0         type=6  value=.1.3.6.1.4.1.41717.10

----------
  .1.3.6.1.2.1.1.3.0             type=67 value=0:0:00:00.00
  .1.3.6.1.6.3.1.1.4.1.0         type=6  value=.1.3.6.1.4.1.41717.10.0.247
  .1.3.6.1.4.1.41717.20.1        type=4  value="bubbly.bth.se"
  .1.3.6.1.4.1.41717.20.2        type=2  value=1
  .1.3.6.1.6.3.18.1.3.0          type=64 value=10.0.2.3
  .1.3.6.1.6.3.18.1.4.0          type=4  value="public"
  .1.3.6.1.6.3.1.1.4.3.0         type=6  value=.1.3.6.1.4.1.41717.10

----------
  .1.3.6.1.2.1.1.3.0             type=67 value=0:0:00:00.00
  .1.3.6.1.6.3.1.1.4.1.0         type=6  value=.1.3.6.1.4.1.41717.10.0.247
  .1.3.6.1.4.1.41717.20.1        type=4  value="bubbly.bth.se"
  .1.3.6.1.4.1.41717.20.2        type=2  value=1
  .1.3.6.1.6.3.18.1.3.0          type=64 value=10.0.2.3
  .1.3.6.1.6.3.18.1.4.0          type=4  value="public"
  .1.3.6.1.6.3.1.1.4.3.0         type=6  value=.1.3.6.1.4.1.41717.10

----------
  .1.3.6.1.2.1.1.3.0             type=67 value=0:0:00:00.00
  .1.3.6.1.6.3.1.1.4.1.0         type=6  value=.1.3.6.1.4.1.41717.10.0.247
  .1.3.6.1.4.1.41717.20.1        type=4  value="bubbly.bth.se"
  .1.3.6.1.4.1.41717.20.2        type=2  value=1
  .1.3.6.1.6.3.18.1.3.0          type=64 value=10.0.2.3
  .1.3.6.1.6.3.18.1.4.0          type=4  value="public"
  .1.3.6.1.6.3.1.1.4.3.0         type=6  value=.1.3.6.1.4.1.41717.10

----------
  .1.3.6.1.2.1.1.3.0             type=67 value=0:0:00:00.00
  .1.3.6.1.6.3.1.1.4.1.0         type=6  value=.1.3.6.1.4.1.41717.10.0.247
  .1.3.6.1.4.1.41717.20.1        type=4  value="bubbly.bth.se"
  .1.3.6.1.4.1.41717.20.2        type=2  value=1
  .1.3.6.1.6.3.18.1.3.0          type=64 value=10.0.2.3
  .1.3.6.1.6.3.18.1.4.0          type=4  value="public"
  .1.3.6.1.6.3.1.1.4.3.0         type=6  value=.1.3.6.1.4.1.41717.10

----------
  .1.3.6.1.2.1.1.3.0             type=67 value=0:0:00:00.00
  .1.3.6.1.6.3.1.1.4.1.0         type=6  value=.1.3.6.1.4.1.41717.10.0.247
  .1.3.6.1.4.1.41717.20.1        type=4  value="bubbly.bth.se"
  .1.3.6.1.4.1.41717.20.2        type=2  value=1
  .1.3.6.1.6.3.18.1.3.0          type=64 value=10.0.2.3
  .1.3.6.1.6.3.18.1.4.0          type=4  value="public"
  .1.3.6.1.6.3.1.1.4.3.0         type=6  value=.1.3.6.1.4.1.41717.10

----------
  .1.3.6.1.2.1.1.3.0             type=67 value=0:0:00:00.00
  .1.3.6.1.6.3.1.1.4.1.0         type=6  value=.1.3.6.1.4.1.41717.10.0.247
  .1.3.6.1.4.1.41717.20.1        type=4  value="bubbly.bth.se"
  .1.3.6.1.4.1.41717.20.2        type=2  value=1
  .1.3.6.1.6.3.18.1.3.0          type=64 value=10.0.2.3
  .1.3.6.1.6.3.18.1.4.0          type=4  value="public"
  .1.3.6.1.6.3.1.1.4.3.0         type=6  value=.1.3.6.1.4.1.41717.10

----------
  .1.3.6.1.2.1.1.3.0             type=67 value=0:0:00:00.00
  .1.3.6.1.6.3.1.1.4.1.0         type=6  value=.1.3.6.1.4.1.41717.10.0.247
  .1.3.6.1.4.1.41717.20.1        type=4  value="bubbly.bth.se"
  .1.3.6.1.4.1.41717.20.2        type=2  value=1
  .1.3.6.1.6.3.18.1.3.0          type=64 value=10.0.2.3
  .1.3.6.1.6.3.18.1.4.0          type=4  value="public"
  .1.3.6.1.6.3.1.1.4.3.0         type=6  value=.1.3.6.1.4.1.41717.10

----------
  .1.3.6.1.2.1.1.3.0             type=67 value=0:0:00:00.00
  .1.3.6.1.6.3.1.1.4.1.0         type=6  value=.1.3.6.1.4.1.41717.10.0.247
  .1.3.6.1.4.1.41717.10.1        type=4  value="bubbly.bth.dse"
  .1.3.6.1.4.1.41717.10.2        type=2  value=2
  .1.3.6.1.6.3.18.1.3.0          type=64 value=10.0.2.3
  .1.3.6.1.6.3.18.1.4.0          type=4  value="public"
  .1.3.6.1.6.3.1.1.4.3.0         type=6  value=.1.3.6.1.4.1.41717.10

----------
  .1.3.6.1.2.1.1.3.0             type=67 value=0:0:00:00.00
  .1.3.6.1.6.3.1.1.4.1.0         type=6  value=.1.3.6.1.4.1.41717.10.0.247
  .1.3.6.1.4.1.41717.10.1        type=4  value="bubblwy.bth.dse"
  .1.3.6.1.4.1.41717.10.2        type=2  value=2
  .1.3.6.1.6.3.18.1.3.0          type=64 value=10.0.2.3
  .1.3.6.1.6.3.18.1.4.0          type=4  value="public"
  .1.3.6.1.6.3.1.1.4.3.0         type=6  value=.1.3.6.1.4.1.41717.10

----------
  .1.3.6.1.2.1.1.3.0             type=67 value=0:0:00:00.00
  .1.3.6.1.6.3.1.1.4.1.0         type=6  value=.1.3.6.1.4.1.41717.10.0.247
  .1.3.6.1.4.1.41717.10.1        type=4  value="bubblwy.bfth.dse"
  .1.3.6.1.4.1.41717.10.2        type=2  value=2
  .1.3.6.1.6.3.18.1.3.0          type=64 value=10.0.2.3
  .1.3.6.1.6.3.18.1.4.0          type=4  value="public"
  .1.3.6.1.6.3.1.1.4.3.0         type=6  value=.1.3.6.1.4.1.41717.10

----------
  .1.3.6.1.2.1.1.3.0             type=67 value=0:0:00:00.00
  .1.3.6.1.6.3.1.1.4.1.0         type=6  value=.1.3.6.1.4.1.41717.10.0.247
  .1.3.6.1.4.1.41717.10.1        type=4  value="bubblwy.bfth.dse"
  .1.3.6.1.4.1.41717.10.2        type=2  value=2
  .1.3.6.1.6.3.18.1.3.0          type=64 value=10.0.2.3
  .1.3.6.1.6.3.18.1.4.0          type=4  value="public"
  .1.3.6.1.6.3.1.1.4.3.0         type=6  value=.1.3.6.1.4.1.41717.10

----------
  .1.3.6.1.2.1.1.3.0             type=67 value=0:0:00:00.00
  .1.3.6.1.6.3.1.1.4.1.0         type=6  value=.1.3.6.1.4.1.41717.10.0.247
  .1.3.6.1.4.1.41717.10.1        type=4  value="bubblw.bfth.dse"
  .1.3.6.1.4.1.41717.10.2        type=2  value=2
  .1.3.6.1.6.3.18.1.3.0          type=64 value=10.0.2.3
  .1.3.6.1.6.3.18.1.4.0          type=4  value="public"
  .1.3.6.1.6.3.1.1.4.3.0         type=6  value=.1.3.6.1.4.1.41717.10

----------
  .1.3.6.1.2.1.1.3.0             type=67 value=0:0:00:00.00
  .1.3.6.1.6.3.1.1.4.1.0         type=6  value=.1.3.6.1.4.1.41717.10.0.247
  .1.3.6.1.4.1.41717.10.1        type=4  value="bubblw.bft.dse"
  .1.3.6.1.4.1.41717.10.2        type=2  value=2
  .1.3.6.1.6.3.18.1.3.0          type=64 value=10.0.2.3
  .1.3.6.1.6.3.18.1.4.0          type=4  value="public"
  .1.3.6.1.6.3.1.1.4.3.0         type=6  value=.1.3.6.1.4.1.41717.10

----------
  .1.3.6.1.2.1.1.3.0             type=67 value=0:0:00:00.00
  .1.3.6.1.6.3.1.1.4.1.0         type=6  value=.1.3.6.1.4.1.41717.10.0.247
  .1.3.6.1.4.1.41717.10.1        type=4  value="bubblw.bft.dse"
  .1.3.6.1.4.1.41717.10.2        type=2  value=2
  .1.3.6.1.6.3.18.1.3.0          type=64 value=10.0.2.3
  .1.3.6.1.6.3.18.1.4.0          type=4  value="public"
  .1.3.6.1.6.3.1.1.4.3.0         type=6  value=.1.3.6.1.4.1.41717.10

----------
  .1.3.6.1.2.1.1.3.0             type=67 value=0:0:00:00.00
  .1.3.6.1.6.3.1.1.4.1.0         type=6  value=.1.3.6.1.4.1.41717.10.0.247
  .1.3.6.1.4.1.41717.10.1        type=4  value="bubblwcd.bft.dse"
  .1.3.6.1.4.1.41717.10.2        type=2  value=2
  .1.3.6.1.6.3.18.1.3.0          type=64 value=10.0.2.3
  .1.3.6.1.6.3.18.1.4.0          type=4  value="public"
  .1.3.6.1.6.3.1.1.4.3.0         type=6  value=.1.3.6.1.4.1.41717.10

----------
  .1.3.6.1.2.1.1.3.0             type=67 value=0:0:00:00.00
  .1.3.6.1.6.3.1.1.4.1.0         type=6  value=.1.3.6.1.4.1.41717.10.0.247
  .1.3.6.1.4.1.41717.10.1        type=4  value="bubblwcd.bvft.dse"
  .1.3.6.1.4.1.41717.10.2        type=2  value=2
  .1.3.6.1.6.3.18.1.3.0          type=64 value=10.0.2.3
  .1.3.6.1.6.3.18.1.4.0          type=4  value="public"
  .1.3.6.1.6.3.1.1.4.3.0         type=6  value=.1.3.6.1.4.1.41717.10

----------
  .1.3.6.1.2.1.1.3.0             type=67 value=0:0:00:00.00
  .1.3.6.1.6.3.1.1.4.1.0         type=6  value=.1.3.6.1.4.1.41717.10.0.247
  .1.3.6.1.4.1.41717.10.1        type=4  value="bubblwcd.bvft.dsde"
  .1.3.6.1.4.1.41717.10.2        type=2  value=2
  .1.3.6.1.6.3.18.1.3.0          type=64 value=10.0.2.3
  .1.3.6.1.6.3.18.1.4.0          type=4  value="public"
  .1.3.6.1.6.3.1.1.4.3.0         type=6  value=.1.3.6.1.4.1.41717.10

----------
